<?xml version="1.0" encoding="UTF-8"?>
<coverage generated="1674068259589" clover="3.2.0">
  <project timestamp="1674068259589" name="All files">
    <metrics statements="18" coveredstatements="18" conditionals="10" coveredconditionals="7" methods="3" coveredmethods="3" elements="31" coveredelements="28" complexity="0" loc="18" ncloc="18" packages="2" files="3" classes="3"/>
    <package name="src">
      <metrics statements="0" coveredstatements="0" conditionals="0" coveredconditionals="0" methods="0" coveredmethods="0"/>
      <file name="index.ts" path="/Users/dkaiser/Private/react-hooks/src/index.ts">
        <metrics statements="0" coveredstatements="0" conditionals="0" coveredconditionals="0" methods="0" coveredmethods="0"/>
      </file>
    </package>
    <package name="src.hooks">
      <metrics statements="18" coveredstatements="18" conditionals="10" coveredconditionals="7" methods="3" coveredmethods="3"/>
      <file name="index.ts" path="/Users/dkaiser/Private/react-hooks/src/hooks/index.ts">
        <metrics statements="0" coveredstatements="0" conditionals="0" coveredconditionals="0" methods="0" coveredmethods="0"/>
      </file>
      <file name="useLocalStorage.ts" path="/Users/dkaiser/Private/react-hooks/src/hooks/useLocalStorage.ts">
        <metrics statements="18" coveredstatements="18" conditionals="10" coveredconditionals="7" methods="3" coveredmethods="3"/>
        <line num="15" count="21" type="stmt"/>
        <line num="16" count="5" type="cond" truecount="1" falsecount="1"/>
        <line num="18" count="5" type="stmt"/>
        <line num="19" count="5" type="stmt"/>
        <line num="20" count="5" type="cond" truecount="2" falsecount="0"/>
        <line num="21" count="5" type="cond" truecount="2" falsecount="0"/>
        <line num="23" count="1" type="stmt"/>
        <line num="24" count="1" type="stmt"/>
        <line num="25" count="1" type="stmt"/>
        <line num="35" count="21" type="stmt"/>
        <line num="37" count="17" type="stmt"/>
        <line num="39" count="17" type="cond" truecount="1" falsecount="1"/>
        <line num="40" count="17" type="stmt"/>
        <line num="41" count="16" type="stmt"/>
        <line num="42" count="16" type="cond" truecount="1" falsecount="1"/>
        <line num="43" count="16" type="stmt"/>
        <line num="46" count="1" type="stmt"/>
        <line num="52" count="21" type="stmt"/>
      </file>
    </package>
  </project>
</coverage>
