{"/Users/dkaiser/Private/react-hooks/src/index.ts": {"path":"/Users/dkaiser/Private/react-hooks/src/index.ts","statementMap":{},"fnMap":{},"branchMap":{},"s":{},"f":{},"b":{},"_coverageSchema":"1a1c01bbd47fc00a2c39e90264f33305004495a9","hash":"1f65114f6a8b79475cecd3c69f1e2c55eeb098f5"}
,"/Users/dkaiser/Private/react-hooks/src/hooks/index.ts": {"path":"/Users/dkaiser/Private/react-hooks/src/hooks/index.ts","statementMap":{},"fnMap":{},"branchMap":{},"s":{},"f":{},"b":{},"_coverageSchema":"1a1c01bbd47fc00a2c39e90264f33305004495a9","hash":"199f4adb4782b3907e78b90d9128258540a22321"}
,"/Users/dkaiser/Private/react-hooks/src/hooks/useLocalStorage.ts": {"path":"/Users/dkaiser/Private/react-hooks/src/hooks/useLocalStorage.ts","statementMap":{"0":{"start":{"line":15,"column":40},"end":{"line":27,"column":4}},"1":{"start":{"line":16,"column":4},"end":{"line":16,"column":59}},"2":{"start":{"line":16,"column":39},"end":{"line":16,"column":59}},"3":{"start":{"line":18,"column":4},"end":{"line":26,"column":5}},"4":{"start":{"line":19,"column":19},"end":{"line":19,"column":51}},"5":{"start":{"line":20,"column":6},"end":{"line":20,"column":80}},"6":{"start":{"line":20,"column":17},"end":{"line":20,"column":80}},"7":{"start":{"line":21,"column":6},"end":{"line":21,"column":52}},"8":{"start":{"line":23,"column":6},"end":{"line":23,"column":27}},"9":{"start":{"line":24,"column":6},"end":{"line":24,"column":69}},"10":{"start":{"line":25,"column":6},"end":{"line":25,"column":26}},"11":{"start":{"line":35,"column":19},"end":{"line":50,"column":3}},"12":{"start":{"line":37,"column":6},"end":{"line":47,"column":7}},"13":{"start":{"line":39,"column":10},"end":{"line":39,"column":64}},"14":{"start":{"line":40,"column":33},"end":{"line":40,"column":61}},"15":{"start":{"line":41,"column":8},"end":{"line":41,"column":37}},"16":{"start":{"line":42,"column":8},"end":{"line":44,"column":9}},"17":{"start":{"line":43,"column":10},"end":{"line":43,"column":61}},"18":{"start":{"line":46,"column":8},"end":{"line":46,"column":29}},"19":{"start":{"line":52,"column":2},"end":{"line":52,"column":33}}},"fnMap":{"0":{"name":"useLocalStorage","decl":{"start":{"line":11,"column":16},"end":{"line":11,"column":31}},"loc":{"start":{"line":14,"column":27},"end":{"line":53,"column":1}},"line":14},"1":{"name":"(anonymous_1)","decl":{"start":{"line":15,"column":52},"end":{"line":15,"column":53}},"loc":{"start":{"line":15,"column":58},"end":{"line":27,"column":3}},"line":15},"2":{"name":"(anonymous_2)","decl":{"start":{"line":36,"column":4},"end":{"line":36,"column":5}},"loc":{"start":{"line":36,"column":18},"end":{"line":48,"column":5}},"line":36}},"branchMap":{"0":{"loc":{"start":{"line":16,"column":4},"end":{"line":16,"column":59}},"type":"if","locations":[{"start":{"line":16,"column":4},"end":{"line":16,"column":59}},{"start":{},"end":{}}],"line":16},"1":{"loc":{"start":{"line":20,"column":6},"end":{"line":20,"column":80}},"type":"if","locations":[{"start":{"line":20,"column":6},"end":{"line":20,"column":80}},{"start":{},"end":{}}],"line":20},"2":{"loc":{"start":{"line":21,"column":13},"end":{"line":21,"column":51}},"type":"cond-expr","locations":[{"start":{"line":21,"column":20},"end":{"line":21,"column":36}},{"start":{"line":21,"column":39},"end":{"line":21,"column":51}}],"line":21},"3":{"loc":{"start":{"line":39,"column":10},"end":{"line":39,"column":64}},"type":"cond-expr","locations":[{"start":{"line":39,"column":38},"end":{"line":39,"column":56}},{"start":{"line":39,"column":59},"end":{"line":39,"column":64}}],"line":39},"4":{"loc":{"start":{"line":42,"column":8},"end":{"line":44,"column":9}},"type":"if","locations":[{"start":{"line":42,"column":8},"end":{"line":44,"column":9}},{"start":{},"end":{}}],"line":42}},"s":{"0":21,"1":5,"2":0,"3":5,"4":5,"5":5,"6":1,"7":5,"8":1,"9":1,"10":1,"11":21,"12":17,"13":17,"14":17,"15":16,"16":16,"17":16,"18":1,"19":21},"f":{"0":21,"1":5,"2":17},"b":{"0":[0,5],"1":[1,4],"2":[4,1],"3":[0,17],"4":[16,0]},"_coverageSchema":"1a1c01bbd47fc00a2c39e90264f33305004495a9","hash":"ce23fb49d2672bbd157734e1f23299e3af4941fb"}
}
