TN:
SF:src/index.ts
FNF:0
FNH:0
LF:0
LH:0
BRF:0
BRH:0
end_of_record
TN:
SF:src/hooks/index.ts
FNF:0
FNH:0
LF:0
LH:0
BRF:0
BRH:0
end_of_record
TN:
SF:src/hooks/useLocalStorage.ts
FN:11,useLocalStorage
FN:15,(anonymous_1)
FN:36,(anonymous_2)
FNF:3
FNH:3
FNDA:21,useLocalStorage
FNDA:5,(anonymous_1)
FNDA:17,(anonymous_2)
DA:15,21
DA:16,5
DA:18,5
DA:19,5
DA:20,5
DA:21,5
DA:23,1
DA:24,1
DA:25,1
DA:35,21
DA:37,17
DA:39,17
DA:40,17
DA:41,16
DA:42,16
DA:43,16
DA:46,1
DA:52,21
LF:18
LH:18
BRDA:16,0,0,0
BRDA:16,0,1,5
BRDA:20,1,0,1
BRDA:20,1,1,4
BRDA:21,2,0,4
BRDA:21,2,1,1
BRDA:39,3,0,0
BRDA:39,3,1,17
BRDA:42,4,0,16
BRDA:42,4,1,0
BRF:10
BRH:7
end_of_record
